{"uid":"db045c7f0c9935e7","name":"testHomePageChangeLanguageToEn()","fullName":"hesias.selenium.practices.correction.tests.HomeTest.testHomePageChangeLanguageToEn","historyId":"7f7e941dc007a0ec5b033443a6d1af14","time":{"start":1769097111015,"stop":1769097137207,"duration":26192},"description":"","status":"broken","statusMessage":"Expected condition failed: waiting for element to be clickable: By.cssSelector: button#CybotCookiebotDialogBodyButtonDecline (tried for 20 second(s) with 500 milliseconds interval)\nBuild info: version: '4.37.0', revision: '3c1da1e342'\nSystem info: os.name: 'Linux', os.arch: 'amd64', os.version: '6.11.0-1018-azure', java.version: '21.0.9'\nDriver info: org.openqa.selenium.chrome.ChromeDriver\nCapabilities {acceptInsecureCerts: false, browserName: chrome, browserVersion: 143.0.7499.192, chrome: {chromedriverVersion: 143.0.7499.192 (be2c1f4fd45..., userDataDir: /tmp/.org.chromium.Chromium...}, fedcm:accounts: true, goog:chromeOptions: {debuggerAddress: localhost:40851}, goog:processID: 2903, networkConnectionEnabled: false, pageLoadStrategy: normal, platformName: linux, proxy: Proxy(), se:cdp: ws://localhost:40851/devtoo..., se:cdpVersion: 143.0.7499.192, setWindowRect: true, strictFileInteractability: false, timeouts: {implicit: 0, pageLoad: 300000, script: 30000}, unhandledPromptBehavior: dismiss and notify, webauthn:extension:credBlob: true, webauthn:extension:largeBlob: true, webauthn:extension:minPinLength: true, webauthn:extension:prf: true, webauthn:virtualAuthenticators: true}\nSession ID: 3f0049811afb240bb0ce72d557c08473","statusTrace":"org.openqa.selenium.TimeoutException: Expected condition failed: waiting for element to be clickable: By.cssSelector: button#CybotCookiebotDialogBodyButtonDecline (tried for 20 second(s) with 500 milliseconds interval)\nBuild info: version: '4.37.0', revision: '3c1da1e342'\nSystem info: os.name: 'Linux', os.arch: 'amd64', os.version: '6.11.0-1018-azure', java.version: '21.0.9'\nDriver info: org.openqa.selenium.chrome.ChromeDriver\nCapabilities {acceptInsecureCerts: false, browserName: chrome, browserVersion: 143.0.7499.192, chrome: {chromedriverVersion: 143.0.7499.192 (be2c1f4fd45..., userDataDir: /tmp/.org.chromium.Chromium...}, fedcm:accounts: true, goog:chromeOptions: {debuggerAddress: localhost:40851}, goog:processID: 2903, networkConnectionEnabled: false, pageLoadStrategy: normal, platformName: linux, proxy: Proxy(), se:cdp: ws://localhost:40851/devtoo..., se:cdpVersion: 143.0.7499.192, setWindowRect: true, strictFileInteractability: false, timeouts: {implicit: 0, pageLoad: 300000, script: 30000}, unhandledPromptBehavior: dismiss and notify, webauthn:extension:credBlob: true, webauthn:extension:largeBlob: true, webauthn:extension:minPinLength: true, webauthn:extension:prf: true, webauthn:virtualAuthenticators: true}\nSession ID: 3f0049811afb240bb0ce72d557c08473\n\tat org.openqa.selenium.support.ui.WebDriverWait.timeoutException(WebDriverWait.java:84)\n\tat org.openqa.selenium.support.ui.FluentWait.until(FluentWait.java:228)\n\tat hesias.selenium.practices.correction.pages.BasePage.waitClick(BasePage.java:37)\n\tat hesias.selenium.practices.correction.pages.BasePage.refuseCookies(BasePage.java:66)\n\tat hesias.selenium.practices.correction.pages.HomePage.changeLanguage(HomePage.java:41)\n\tat hesias.selenium.practices.correction.tests.HomeTest.testHomePageChangeLanguageToEn(HomeTest.java:57)\n","flaky":false,"newFailed":false,"newBroken":true,"newPassed":false,"retriesCount":0,"retriesStatusChange":false,"beforeStages":[],"testStage":{"description":"","status":"broken","statusMessage":"Expected condition failed: waiting for element to be clickable: By.cssSelector: button#CybotCookiebotDialogBodyButtonDecline (tried for 20 second(s) with 500 milliseconds interval)\nBuild info: version: '4.37.0', revision: '3c1da1e342'\nSystem info: os.name: 'Linux', os.arch: 'amd64', os.version: '6.11.0-1018-azure', java.version: '21.0.9'\nDriver info: org.openqa.selenium.chrome.ChromeDriver\nCapabilities {acceptInsecureCerts: false, browserName: chrome, browserVersion: 143.0.7499.192, chrome: {chromedriverVersion: 143.0.7499.192 (be2c1f4fd45..., userDataDir: /tmp/.org.chromium.Chromium...}, fedcm:accounts: true, goog:chromeOptions: {debuggerAddress: localhost:40851}, goog:processID: 2903, networkConnectionEnabled: false, pageLoadStrategy: normal, platformName: linux, proxy: Proxy(), se:cdp: ws://localhost:40851/devtoo..., se:cdpVersion: 143.0.7499.192, setWindowRect: true, strictFileInteractability: false, timeouts: {implicit: 0, pageLoad: 300000, script: 30000}, unhandledPromptBehavior: dismiss and notify, webauthn:extension:credBlob: true, webauthn:extension:largeBlob: true, webauthn:extension:minPinLength: true, webauthn:extension:prf: true, webauthn:virtualAuthenticators: true}\nSession ID: 3f0049811afb240bb0ce72d557c08473","statusTrace":"org.openqa.selenium.TimeoutException: Expected condition failed: waiting for element to be clickable: By.cssSelector: button#CybotCookiebotDialogBodyButtonDecline (tried for 20 second(s) with 500 milliseconds interval)\nBuild info: version: '4.37.0', revision: '3c1da1e342'\nSystem info: os.name: 'Linux', os.arch: 'amd64', os.version: '6.11.0-1018-azure', java.version: '21.0.9'\nDriver info: org.openqa.selenium.chrome.ChromeDriver\nCapabilities {acceptInsecureCerts: false, browserName: chrome, browserVersion: 143.0.7499.192, chrome: {chromedriverVersion: 143.0.7499.192 (be2c1f4fd45..., userDataDir: /tmp/.org.chromium.Chromium...}, fedcm:accounts: true, goog:chromeOptions: {debuggerAddress: localhost:40851}, goog:processID: 2903, networkConnectionEnabled: false, pageLoadStrategy: normal, platformName: linux, proxy: Proxy(), se:cdp: ws://localhost:40851/devtoo..., se:cdpVersion: 143.0.7499.192, setWindowRect: true, strictFileInteractability: false, timeouts: {implicit: 0, pageLoad: 300000, script: 30000}, unhandledPromptBehavior: dismiss and notify, webauthn:extension:credBlob: true, webauthn:extension:largeBlob: true, webauthn:extension:minPinLength: true, webauthn:extension:prf: true, webauthn:virtualAuthenticators: true}\nSession ID: 3f0049811afb240bb0ce72d557c08473\n\tat org.openqa.selenium.support.ui.WebDriverWait.timeoutException(WebDriverWait.java:84)\n\tat org.openqa.selenium.support.ui.FluentWait.until(FluentWait.java:228)\n\tat hesias.selenium.practices.correction.pages.BasePage.waitClick(BasePage.java:37)\n\tat hesias.selenium.practices.correction.pages.BasePage.refuseCookies(BasePage.java:66)\n\tat hesias.selenium.practices.correction.pages.HomePage.changeLanguage(HomePage.java:41)\n\tat hesias.selenium.practices.correction.tests.HomeTest.testHomePageChangeLanguageToEn(HomeTest.java:57)\n","steps":[],"attachments":[{"uid":"7a6a644dbea3a80b","name":"Screenshot for the test","source":"7a6a644dbea3a80b.png","type":"image/png","size":319078}],"parameters":[],"stepsCount":0,"shouldDisplayMessage":true,"attachmentsCount":1,"hasContent":true,"attachmentStep":false},"afterStages":[],"labels":[{"name":"junit.platform.uniqueid","value":"[engine:junit-jupiter]/[class:hesias.selenium.practices.correction.tests.HomeTest]/[method:testHomePageChangeLanguageToEn()]"},{"name":"feature","value":"Home page"},{"name":"story","value":"As an user, I want to change the website to english"},{"name":"host","value":"runnervmmtnos"},{"name":"thread","value":"2556@runnervmmtnos.main(1)"},{"name":"framework","value":"junit-platform"},{"name":"language","value":"java"},{"name":"package","value":"hesias.selenium.practices.correction.tests.HomeTest"},{"name":"testClass","value":"hesias.selenium.practices.correction.tests.HomeTest"},{"name":"testMethod","value":"testHomePageChangeLanguageToEn"},{"name":"suite","value":"hesias.selenium.practices.correction.tests.HomeTest"},{"name":"severity","value":"normal"},{"name":"resultFormat","value":"allure2"}],"parameters":[],"links":[],"hidden":false,"retry":false,"extra":{"severity":"normal","retries":[],"categories":[{"name":"Test defects","matchedStatuses":[],"flaky":false}],"history":{"statistic":{"failed":0,"broken":1,"skipped":0,"passed":5,"unknown":0,"total":6},"items":[{"uid":"9062035dcb015130","reportUrl":"https://TyTy-cf.github.io/test-selenium-practice/12/#testresult/9062035dcb015130","status":"passed","time":{"start":1769095465096,"stop":1769095467933,"duration":2837}},{"uid":"3389212329b6e15e","reportUrl":"https://TyTy-cf.github.io/test-selenium-practice/11/#testresult/3389212329b6e15e","status":"passed","time":{"start":1769093366994,"stop":1769093370284,"duration":3290}},{"uid":"3fcde97cc35c69da","reportUrl":"https://TyTy-cf.github.io/test-selenium-practice/10/#testresult/3fcde97cc35c69da","status":"passed","time":{"start":1769092937132,"stop":1769092939920,"duration":2788}},{"uid":"cf6f542d91d4c57","reportUrl":"https://TyTy-cf.github.io/test-selenium-practice/9/#testresult/cf6f542d91d4c57","status":"passed","time":{"start":1769091407372,"stop":1769091410414,"duration":3042}},{"uid":"87343df080b8eda2","reportUrl":"https://TyTy-cf.github.io/test-selenium-practice/8/#testresult/87343df080b8eda2","status":"passed","time":{"start":1769090734196,"stop":1769090737448,"duration":3252}}]},"tags":[]},"source":"db045c7f0c9935e7.json","parameterValues":[]}