{"uid":"b934781afe026f04","name":"testScrollToDisplayGames()","fullName":"hesias.selenium.practices.correction.tests.BoutiqueTest.testScrollToDisplayGames","historyId":"b02c4bcc662e5462b23be28e6d5693c5","time":{"start":1770373895676,"stop":1770373918286,"duration":22610},"description":"Verify that the user can change the epoch filter to 90 then scroll to the displayed games","descriptionHtml":"<p>Verify that the user can change the epoch filter to 90 then scroll to the displayed games</p>\n","status":"broken","statusMessage":"Expected condition failed: waiting for element to be clickable: By.cssSelector: div[hook-test='storeMenustrategy'] (tried for 20 second(s) with 500 milliseconds interval)\nBuild info: version: '4.37.0', revision: '3c1da1e342'\nSystem info: os.name: 'Linux', os.arch: 'amd64', os.version: '6.11.0-1018-azure', java.version: '21.0.10'\nDriver info: org.openqa.selenium.chrome.ChromeDriver\nCapabilities {acceptInsecureCerts: false, browserName: chrome, browserVersion: 144.0.7559.96, chrome: {chromedriverVersion: 144.0.7559.133 (7da823b1d59..., userDataDir: /tmp/org.chromium.Chromium....}, fedcm:accounts: true, goog:chromeOptions: {debuggerAddress: localhost:41385}, goog:processID: 3106, networkConnectionEnabled: false, pageLoadStrategy: normal, platformName: linux, proxy: Proxy(), se:cdp: ws://localhost:41385/devtoo..., se:cdpVersion: 144.0.7559.96, setWindowRect: true, strictFileInteractability: false, timeouts: {implicit: 0, pageLoad: 300000, script: 30000}, unhandledPromptBehavior: dismiss and notify, webauthn:extension:credBlob: true, webauthn:extension:largeBlob: true, webauthn:extension:minPinLength: true, webauthn:extension:prf: true, webauthn:virtualAuthenticators: true}\nSession ID: 1cb1f433af4d90cf7d17a58ebf78cb35","statusTrace":"org.openqa.selenium.TimeoutException: Expected condition failed: waiting for element to be clickable: By.cssSelector: div[hook-test='storeMenustrategy'] (tried for 20 second(s) with 500 milliseconds interval)\nBuild info: version: '4.37.0', revision: '3c1da1e342'\nSystem info: os.name: 'Linux', os.arch: 'amd64', os.version: '6.11.0-1018-azure', java.version: '21.0.10'\nDriver info: org.openqa.selenium.chrome.ChromeDriver\nCapabilities {acceptInsecureCerts: false, browserName: chrome, browserVersion: 144.0.7559.96, chrome: {chromedriverVersion: 144.0.7559.133 (7da823b1d59..., userDataDir: /tmp/org.chromium.Chromium....}, fedcm:accounts: true, goog:chromeOptions: {debuggerAddress: localhost:41385}, goog:processID: 3106, networkConnectionEnabled: false, pageLoadStrategy: normal, platformName: linux, proxy: Proxy(), se:cdp: ws://localhost:41385/devtoo..., se:cdpVersion: 144.0.7559.96, setWindowRect: true, strictFileInteractability: false, timeouts: {implicit: 0, pageLoad: 300000, script: 30000}, unhandledPromptBehavior: dismiss and notify, webauthn:extension:credBlob: true, webauthn:extension:largeBlob: true, webauthn:extension:minPinLength: true, webauthn:extension:prf: true, webauthn:virtualAuthenticators: true}\nSession ID: 1cb1f433af4d90cf7d17a58ebf78cb35\n\tat org.openqa.selenium.support.ui.WebDriverWait.timeoutException(WebDriverWait.java:84)\n\tat org.openqa.selenium.support.ui.FluentWait.until(FluentWait.java:228)\n\tat hesias.selenium.practices.correction.pages.BasePage.waitClick(BasePage.java:37)\n\tat hesias.selenium.practices.correction.pages.HomePage.goToStrategy(HomePage.java:77)\n\tat hesias.selenium.practices.correction.tests.BoutiqueTest.testScrollToDisplayGames(BoutiqueTest.java:89)\n","flaky":false,"newFailed":false,"newBroken":false,"newPassed":false,"retriesCount":0,"retriesStatusChange":false,"beforeStages":[],"testStage":{"description":"Verify that the user can change the epoch filter to 90 then scroll to the displayed games","status":"broken","statusMessage":"Expected condition failed: waiting for element to be clickable: By.cssSelector: div[hook-test='storeMenustrategy'] (tried for 20 second(s) with 500 milliseconds interval)\nBuild info: version: '4.37.0', revision: '3c1da1e342'\nSystem info: os.name: 'Linux', os.arch: 'amd64', os.version: '6.11.0-1018-azure', java.version: '21.0.10'\nDriver info: org.openqa.selenium.chrome.ChromeDriver\nCapabilities {acceptInsecureCerts: false, browserName: chrome, browserVersion: 144.0.7559.96, chrome: {chromedriverVersion: 144.0.7559.133 (7da823b1d59..., userDataDir: /tmp/org.chromium.Chromium....}, fedcm:accounts: true, goog:chromeOptions: {debuggerAddress: localhost:41385}, goog:processID: 3106, networkConnectionEnabled: false, pageLoadStrategy: normal, platformName: linux, proxy: Proxy(), se:cdp: ws://localhost:41385/devtoo..., se:cdpVersion: 144.0.7559.96, setWindowRect: true, strictFileInteractability: false, timeouts: {implicit: 0, pageLoad: 300000, script: 30000}, unhandledPromptBehavior: dismiss and notify, webauthn:extension:credBlob: true, webauthn:extension:largeBlob: true, webauthn:extension:minPinLength: true, webauthn:extension:prf: true, webauthn:virtualAuthenticators: true}\nSession ID: 1cb1f433af4d90cf7d17a58ebf78cb35","statusTrace":"org.openqa.selenium.TimeoutException: Expected condition failed: waiting for element to be clickable: By.cssSelector: div[hook-test='storeMenustrategy'] (tried for 20 second(s) with 500 milliseconds interval)\nBuild info: version: '4.37.0', revision: '3c1da1e342'\nSystem info: os.name: 'Linux', os.arch: 'amd64', os.version: '6.11.0-1018-azure', java.version: '21.0.10'\nDriver info: org.openqa.selenium.chrome.ChromeDriver\nCapabilities {acceptInsecureCerts: false, browserName: chrome, browserVersion: 144.0.7559.96, chrome: {chromedriverVersion: 144.0.7559.133 (7da823b1d59..., userDataDir: /tmp/org.chromium.Chromium....}, fedcm:accounts: true, goog:chromeOptions: {debuggerAddress: localhost:41385}, goog:processID: 3106, networkConnectionEnabled: false, pageLoadStrategy: normal, platformName: linux, proxy: Proxy(), se:cdp: ws://localhost:41385/devtoo..., se:cdpVersion: 144.0.7559.96, setWindowRect: true, strictFileInteractability: false, timeouts: {implicit: 0, pageLoad: 300000, script: 30000}, unhandledPromptBehavior: dismiss and notify, webauthn:extension:credBlob: true, webauthn:extension:largeBlob: true, webauthn:extension:minPinLength: true, webauthn:extension:prf: true, webauthn:virtualAuthenticators: true}\nSession ID: 1cb1f433af4d90cf7d17a58ebf78cb35\n\tat org.openqa.selenium.support.ui.WebDriverWait.timeoutException(WebDriverWait.java:84)\n\tat org.openqa.selenium.support.ui.FluentWait.until(FluentWait.java:228)\n\tat hesias.selenium.practices.correction.pages.BasePage.waitClick(BasePage.java:37)\n\tat hesias.selenium.practices.correction.pages.HomePage.goToStrategy(HomePage.java:77)\n\tat hesias.selenium.practices.correction.tests.BoutiqueTest.testScrollToDisplayGames(BoutiqueTest.java:89)\n","steps":[],"attachments":[{"uid":"eabdee4f496b9f83","name":"Screenshot for the test","source":"eabdee4f496b9f83.png","type":"image/png","size":241957}],"parameters":[],"stepsCount":0,"shouldDisplayMessage":true,"attachmentsCount":1,"hasContent":true,"attachmentStep":false},"afterStages":[],"labels":[{"name":"junit.platform.uniqueid","value":"[engine:junit-jupiter]/[class:hesias.selenium.practices.correction.tests.BoutiqueTest]/[method:testScrollToDisplayGames()]"},{"name":"feature","value":"Shop dropdown"},{"name":"story","value":"As the user I want to scroll to the available games"},{"name":"host","value":"runnervmkj6or"},{"name":"thread","value":"2624@runnervmkj6or.main(1)"},{"name":"framework","value":"junit-platform"},{"name":"language","value":"java"},{"name":"package","value":"hesias.selenium.practices.correction.tests.BoutiqueTest"},{"name":"testClass","value":"hesias.selenium.practices.correction.tests.BoutiqueTest"},{"name":"testMethod","value":"testScrollToDisplayGames"},{"name":"suite","value":"hesias.selenium.practices.correction.tests.BoutiqueTest"},{"name":"severity","value":"normal"},{"name":"resultFormat","value":"allure2"}],"parameters":[],"links":[],"hidden":false,"retry":false,"extra":{"severity":"normal","retries":[],"categories":[{"name":"Test defects","matchedStatuses":[],"flaky":false}],"history":{"statistic":{"failed":0,"broken":4,"skipped":0,"passed":0,"unknown":0,"total":4},"items":[{"uid":"898341e8768144e2","reportUrl":"https://TyTy-cf.github.io/test-selenium-practice/22/#testresult/898341e8768144e2","status":"broken","statusDetails":"Expected condition failed: waiting for element to be clickable: By.cssSelector: div[hook-test='storeMenustrategy'] (tried for 20 second(s) with 500 milliseconds interval)\nBuild info: version: '4.37.0', revision: '3c1da1e342'\nSystem info: os.name: 'Linux', os.arch: 'amd64', os.version: '6.11.0-1018-azure', java.version: '21.0.10'\nDriver info: org.openqa.selenium.chrome.ChromeDriver\nCapabilities {acceptInsecureCerts: false, browserName: chrome, browserVersion: 144.0.7559.96, chrome: {chromedriverVersion: 144.0.7559.133 (7da823b1d59..., userDataDir: /tmp/org.chromium.Chromium....}, fedcm:accounts: true, goog:chromeOptions: {debuggerAddress: localhost:46565}, goog:processID: 3145, networkConnectionEnabled: false, pageLoadStrategy: normal, platformName: linux, proxy: Proxy(), se:cdp: ws://localhost:46565/devtoo..., se:cdpVersion: 144.0.7559.96, setWindowRect: true, strictFileInteractability: false, timeouts: {implicit: 0, pageLoad: 300000, script: 30000}, unhandledPromptBehavior: dismiss and notify, webauthn:extension:credBlob: true, webauthn:extension:largeBlob: true, webauthn:extension:minPinLength: true, webauthn:extension:prf: true, webauthn:virtualAuthenticators: true}\nSession ID: 2444e2492483f5df3a4503282690eb67","time":{"start":1770368647077,"stop":1770368669538,"duration":22461}},{"uid":"e4e26048b04a81b8","reportUrl":"https://TyTy-cf.github.io/test-selenium-practice/21/#testresult/e4e26048b04a81b8","status":"broken","statusDetails":"Expected condition failed: waiting for element to be clickable: By.cssSelector: div[hook-test='storeMenustrategy'] (tried for 20 second(s) with 500 milliseconds interval)\nBuild info: version: '4.37.0', revision: '3c1da1e342'\nSystem info: os.name: 'Linux', os.arch: 'amd64', os.version: '6.11.0-1018-azure', java.version: '21.0.10'\nDriver info: org.openqa.selenium.chrome.ChromeDriver\nCapabilities {acceptInsecureCerts: false, browserName: chrome, browserVersion: 144.0.7559.96, chrome: {chromedriverVersion: 144.0.7559.133 (7da823b1d59..., userDataDir: /tmp/org.chromium.Chromium....}, fedcm:accounts: true, goog:chromeOptions: {debuggerAddress: localhost:43393}, goog:processID: 3120, networkConnectionEnabled: false, pageLoadStrategy: normal, platformName: linux, proxy: Proxy(), se:cdp: ws://localhost:43393/devtoo..., se:cdpVersion: 144.0.7559.96, setWindowRect: true, strictFileInteractability: false, timeouts: {implicit: 0, pageLoad: 300000, script: 30000}, unhandledPromptBehavior: dismiss and notify, webauthn:extension:credBlob: true, webauthn:extension:largeBlob: true, webauthn:extension:minPinLength: true, webauthn:extension:prf: true, webauthn:virtualAuthenticators: true}\nSession ID: ec7859cec6c07c3b622353d6e353b151","time":{"start":1770307407367,"stop":1770307430861,"duration":23494}},{"uid":"126e412521eb5195","reportUrl":"https://TyTy-cf.github.io/test-selenium-practice/20/#testresult/126e412521eb5195","status":"broken","statusDetails":"Expected condition failed: waiting for element to be clickable: By.cssSelector: div[hook-test='storeMenustrategy'] (tried for 20 second(s) with 500 milliseconds interval)\nBuild info: version: '4.37.0', revision: '3c1da1e342'\nSystem info: os.name: 'Linux', os.arch: 'amd64', os.version: '6.11.0-1018-azure', java.version: '21.0.10'\nDriver info: org.openqa.selenium.chrome.ChromeDriver\nCapabilities {acceptInsecureCerts: false, browserName: chrome, browserVersion: 144.0.7559.96, chrome: {chromedriverVersion: 144.0.7559.133 (7da823b1d59..., userDataDir: /tmp/org.chromium.Chromium....}, fedcm:accounts: true, goog:chromeOptions: {debuggerAddress: localhost:44699}, goog:processID: 3121, networkConnectionEnabled: false, pageLoadStrategy: normal, platformName: linux, proxy: Proxy(), se:cdp: ws://localhost:44699/devtoo..., se:cdpVersion: 144.0.7559.96, setWindowRect: true, strictFileInteractability: false, timeouts: {implicit: 0, pageLoad: 300000, script: 30000}, unhandledPromptBehavior: dismiss and notify, webauthn:extension:credBlob: true, webauthn:extension:largeBlob: true, webauthn:extension:minPinLength: true, webauthn:extension:prf: true, webauthn:virtualAuthenticators: true}\nSession ID: b96a7737978a0058b8cfdf699736be04","time":{"start":1770303513721,"stop":1770303536766,"duration":23045}}]},"tags":[]},"source":"b934781afe026f04.json","parameterValues":[]}