{"uid":"52f1e5e073a693f8","name":"testSliderLeft()","fullName":"hesias.selenium.practices.correction.tests.HomeTest.testSliderLeft","historyId":"1a4f16490b4ca8addf99cf22da261b41","time":{"start":1769615795156,"stop":1769615817491,"duration":22335},"description":"","status":"broken","statusMessage":"element click intercepted: Element is not clickable at point (41, 707)\n  (Session info: chrome=144.0.7559.59)\nBuild info: version: '4.37.0', revision: '3c1da1e342'\nSystem info: os.name: 'Linux', os.arch: 'amd64', os.version: '6.11.0-1018-azure', java.version: '21.0.9'\nDriver info: org.openqa.selenium.chrome.ChromeDriver\nCommand: [ccd6db8bc67d6b019c740236bdb7e4c1, clickElement {id=f.0C3A62AF3035A493F0BECCF6E6A3CE77.d.BD2CBECB6BF89FBAD0DEDBA4B1135ABE.e.58}]\nCapabilities {acceptInsecureCerts: false, browserName: chrome, browserVersion: 144.0.7559.59, chrome: {chromedriverVersion: 144.0.7559.109 (6a8d5e49388..., userDataDir: /tmp/org.chromium.Chromium....}, fedcm:accounts: true, goog:chromeOptions: {debuggerAddress: localhost:33593}, goog:processID: 2663, networkConnectionEnabled: false, pageLoadStrategy: normal, platformName: linux, proxy: Proxy(), se:cdp: ws://localhost:33593/devtoo..., se:cdpVersion: 144.0.7559.59, setWindowRect: true, strictFileInteractability: false, timeouts: {implicit: 0, pageLoad: 300000, script: 30000}, unhandledPromptBehavior: dismiss and notify, webauthn:extension:credBlob: true, webauthn:extension:largeBlob: true, webauthn:extension:minPinLength: true, webauthn:extension:prf: true, webauthn:virtualAuthenticators: true}\nElement: [[ChromeDriver: chrome on linux (ccd6db8bc67d6b019c740236bdb7e4c1)] -> css selector: div[selenium-id='SliderArrowPrev']]\nSession ID: ccd6db8bc67d6b019c740236bdb7e4c1","statusTrace":"org.openqa.selenium.ElementClickInterceptedException: element click intercepted: Element is not clickable at point (41, 707)\n  (Session info: chrome=144.0.7559.59)\nBuild info: version: '4.37.0', revision: '3c1da1e342'\nSystem info: os.name: 'Linux', os.arch: 'amd64', os.version: '6.11.0-1018-azure', java.version: '21.0.9'\nDriver info: org.openqa.selenium.chrome.ChromeDriver\nCommand: [ccd6db8bc67d6b019c740236bdb7e4c1, clickElement {id=f.0C3A62AF3035A493F0BECCF6E6A3CE77.d.BD2CBECB6BF89FBAD0DEDBA4B1135ABE.e.58}]\nCapabilities {acceptInsecureCerts: false, browserName: chrome, browserVersion: 144.0.7559.59, chrome: {chromedriverVersion: 144.0.7559.109 (6a8d5e49388..., userDataDir: /tmp/org.chromium.Chromium....}, fedcm:accounts: true, goog:chromeOptions: {debuggerAddress: localhost:33593}, goog:processID: 2663, networkConnectionEnabled: false, pageLoadStrategy: normal, platformName: linux, proxy: Proxy(), se:cdp: ws://localhost:33593/devtoo..., se:cdpVersion: 144.0.7559.59, setWindowRect: true, strictFileInteractability: false, timeouts: {implicit: 0, pageLoad: 300000, script: 30000}, unhandledPromptBehavior: dismiss and notify, webauthn:extension:credBlob: true, webauthn:extension:largeBlob: true, webauthn:extension:minPinLength: true, webauthn:extension:prf: true, webauthn:virtualAuthenticators: true}\nElement: [[ChromeDriver: chrome on linux (ccd6db8bc67d6b019c740236bdb7e4c1)] -> css selector: div[selenium-id='SliderArrowPrev']]\nSession ID: ccd6db8bc67d6b019c740236bdb7e4c1\n\tat java.base/jdk.internal.reflect.DirectConstructorHandleAccessor.newInstance(DirectConstructorHandleAccessor.java:62)\n\tat java.base/java.lang.reflect.Constructor.newInstanceWithCaller(Constructor.java:502)\n\tat java.base/java.lang.reflect.Constructor.newInstance(Constructor.java:486)\n\tat org.openqa.selenium.remote.ErrorCodec.decode(ErrorCodec.java:167)\n\tat org.openqa.selenium.remote.codec.w3c.W3CHttpResponseCodec.decode(W3CHttpResponseCodec.java:138)\n\tat org.openqa.selenium.remote.codec.w3c.W3CHttpResponseCodec.decode(W3CHttpResponseCodec.java:50)\n\tat org.openqa.selenium.remote.HttpCommandExecutor.execute(HttpCommandExecutor.java:215)\n\tat org.openqa.selenium.remote.service.DriverCommandExecutor.invokeExecute(DriverCommandExecutor.java:216)\n\tat org.openqa.selenium.remote.service.DriverCommandExecutor.execute(DriverCommandExecutor.java:174)\n\tat org.openqa.selenium.remote.RemoteWebDriver.execute(RemoteWebDriver.java:557)\n\tat org.openqa.selenium.remote.RemoteWebElement.execute(RemoteWebElement.java:223)\n\tat org.openqa.selenium.remote.RemoteWebElement.click(RemoteWebElement.java:76)\n\tat hesias.selenium.practices.correction.pages.HomePage.clickSliderLeftArrow(HomePage.java:48)\n\tat hesias.selenium.practices.correction.tests.HomeTest.testSliderLeft(HomeTest.java:32)\n","flaky":false,"newFailed":false,"newBroken":true,"newPassed":false,"retriesCount":0,"retriesStatusChange":false,"beforeStages":[],"testStage":{"description":"","status":"broken","statusMessage":"element click intercepted: Element is not clickable at point (41, 707)\n  (Session info: chrome=144.0.7559.59)\nBuild info: version: '4.37.0', revision: '3c1da1e342'\nSystem info: os.name: 'Linux', os.arch: 'amd64', os.version: '6.11.0-1018-azure', java.version: '21.0.9'\nDriver info: org.openqa.selenium.chrome.ChromeDriver\nCommand: [ccd6db8bc67d6b019c740236bdb7e4c1, clickElement {id=f.0C3A62AF3035A493F0BECCF6E6A3CE77.d.BD2CBECB6BF89FBAD0DEDBA4B1135ABE.e.58}]\nCapabilities {acceptInsecureCerts: false, browserName: chrome, browserVersion: 144.0.7559.59, chrome: {chromedriverVersion: 144.0.7559.109 (6a8d5e49388..., userDataDir: /tmp/org.chromium.Chromium....}, fedcm:accounts: true, goog:chromeOptions: {debuggerAddress: localhost:33593}, goog:processID: 2663, networkConnectionEnabled: false, pageLoadStrategy: normal, platformName: linux, proxy: Proxy(), se:cdp: ws://localhost:33593/devtoo..., se:cdpVersion: 144.0.7559.59, setWindowRect: true, strictFileInteractability: false, timeouts: {implicit: 0, pageLoad: 300000, script: 30000}, unhandledPromptBehavior: dismiss and notify, webauthn:extension:credBlob: true, webauthn:extension:largeBlob: true, webauthn:extension:minPinLength: true, webauthn:extension:prf: true, webauthn:virtualAuthenticators: true}\nElement: [[ChromeDriver: chrome on linux (ccd6db8bc67d6b019c740236bdb7e4c1)] -> css selector: div[selenium-id='SliderArrowPrev']]\nSession ID: ccd6db8bc67d6b019c740236bdb7e4c1","statusTrace":"org.openqa.selenium.ElementClickInterceptedException: element click intercepted: Element is not clickable at point (41, 707)\n  (Session info: chrome=144.0.7559.59)\nBuild info: version: '4.37.0', revision: '3c1da1e342'\nSystem info: os.name: 'Linux', os.arch: 'amd64', os.version: '6.11.0-1018-azure', java.version: '21.0.9'\nDriver info: org.openqa.selenium.chrome.ChromeDriver\nCommand: [ccd6db8bc67d6b019c740236bdb7e4c1, clickElement {id=f.0C3A62AF3035A493F0BECCF6E6A3CE77.d.BD2CBECB6BF89FBAD0DEDBA4B1135ABE.e.58}]\nCapabilities {acceptInsecureCerts: false, browserName: chrome, browserVersion: 144.0.7559.59, chrome: {chromedriverVersion: 144.0.7559.109 (6a8d5e49388..., userDataDir: /tmp/org.chromium.Chromium....}, fedcm:accounts: true, goog:chromeOptions: {debuggerAddress: localhost:33593}, goog:processID: 2663, networkConnectionEnabled: false, pageLoadStrategy: normal, platformName: linux, proxy: Proxy(), se:cdp: ws://localhost:33593/devtoo..., se:cdpVersion: 144.0.7559.59, setWindowRect: true, strictFileInteractability: false, timeouts: {implicit: 0, pageLoad: 300000, script: 30000}, unhandledPromptBehavior: dismiss and notify, webauthn:extension:credBlob: true, webauthn:extension:largeBlob: true, webauthn:extension:minPinLength: true, webauthn:extension:prf: true, webauthn:virtualAuthenticators: true}\nElement: [[ChromeDriver: chrome on linux (ccd6db8bc67d6b019c740236bdb7e4c1)] -> css selector: div[selenium-id='SliderArrowPrev']]\nSession ID: ccd6db8bc67d6b019c740236bdb7e4c1\n\tat java.base/jdk.internal.reflect.DirectConstructorHandleAccessor.newInstance(DirectConstructorHandleAccessor.java:62)\n\tat java.base/java.lang.reflect.Constructor.newInstanceWithCaller(Constructor.java:502)\n\tat java.base/java.lang.reflect.Constructor.newInstance(Constructor.java:486)\n\tat org.openqa.selenium.remote.ErrorCodec.decode(ErrorCodec.java:167)\n\tat org.openqa.selenium.remote.codec.w3c.W3CHttpResponseCodec.decode(W3CHttpResponseCodec.java:138)\n\tat org.openqa.selenium.remote.codec.w3c.W3CHttpResponseCodec.decode(W3CHttpResponseCodec.java:50)\n\tat org.openqa.selenium.remote.HttpCommandExecutor.execute(HttpCommandExecutor.java:215)\n\tat org.openqa.selenium.remote.service.DriverCommandExecutor.invokeExecute(DriverCommandExecutor.java:216)\n\tat org.openqa.selenium.remote.service.DriverCommandExecutor.execute(DriverCommandExecutor.java:174)\n\tat org.openqa.selenium.remote.RemoteWebDriver.execute(RemoteWebDriver.java:557)\n\tat org.openqa.selenium.remote.RemoteWebElement.execute(RemoteWebElement.java:223)\n\tat org.openqa.selenium.remote.RemoteWebElement.click(RemoteWebElement.java:76)\n\tat hesias.selenium.practices.correction.pages.HomePage.clickSliderLeftArrow(HomePage.java:48)\n\tat hesias.selenium.practices.correction.tests.HomeTest.testSliderLeft(HomeTest.java:32)\n","steps":[],"attachments":[{"uid":"7a06e83e5900a0d5","name":"Screenshot for the test","source":"7a06e83e5900a0d5.png","type":"image/png","size":294581}],"parameters":[],"stepsCount":0,"shouldDisplayMessage":true,"attachmentsCount":1,"hasContent":true,"attachmentStep":false},"afterStages":[],"labels":[{"name":"junit.platform.uniqueid","value":"[engine:junit-jupiter]/[class:hesias.selenium.practices.correction.tests.HomeTest]/[method:testSliderLeft()]"},{"name":"feature","value":"Home page"},{"name":"story","value":"As an user, I want to use the slider to the left"},{"name":"host","value":"runnervmymu0l"},{"name":"thread","value":"2605@runnervmymu0l.main(1)"},{"name":"framework","value":"junit-platform"},{"name":"language","value":"java"},{"name":"package","value":"hesias.selenium.practices.correction.tests.HomeTest"},{"name":"testClass","value":"hesias.selenium.practices.correction.tests.HomeTest"},{"name":"testMethod","value":"testSliderLeft"},{"name":"suite","value":"hesias.selenium.practices.correction.tests.HomeTest"},{"name":"severity","value":"normal"},{"name":"resultFormat","value":"allure2"}],"parameters":[],"links":[],"hidden":false,"retry":false,"extra":{"severity":"normal","retries":[],"categories":[{"name":"Test defects","matchedStatuses":[],"flaky":false}],"history":{"statistic":{"failed":0,"broken":1,"skipped":0,"passed":8,"unknown":0,"total":9},"items":[{"uid":"210c4913bb42e535","reportUrl":"https://TyTy-cf.github.io/test-selenium-practice/15/#testresult/210c4913bb42e535","status":"passed","time":{"start":1769097535726,"stop":1769097546678,"duration":10952}},{"uid":"ef4c4a9342af8a39","reportUrl":"https://TyTy-cf.github.io/test-selenium-practice/14/#testresult/ef4c4a9342af8a39","status":"passed","time":{"start":1769097457195,"stop":1769097486468,"duration":29273}},{"uid":"5aedcd108bf15a9e","reportUrl":"https://TyTy-cf.github.io/test-selenium-practice/13/#testresult/5aedcd108bf15a9e","status":"passed","time":{"start":1769097095241,"stop":1769097108244,"duration":13003}},{"uid":"6eca5468cca0f49d","reportUrl":"https://TyTy-cf.github.io/test-selenium-practice/12/#testresult/6eca5468cca0f49d","status":"passed","time":{"start":1769095448593,"stop":1769095462502,"duration":13909}},{"uid":"bc239d02672e810c","reportUrl":"https://TyTy-cf.github.io/test-selenium-practice/11/#testresult/bc239d02672e810c","status":"passed","time":{"start":1769093353526,"stop":1769093364317,"duration":10791}},{"uid":"d6b490e09dde09d","reportUrl":"https://TyTy-cf.github.io/test-selenium-practice/10/#testresult/d6b490e09dde09d","status":"passed","time":{"start":1769092921913,"stop":1769092934575,"duration":12662}},{"uid":"368f7a3d3587d62a","reportUrl":"https://TyTy-cf.github.io/test-selenium-practice/9/#testresult/368f7a3d3587d62a","status":"passed","time":{"start":1769091392818,"stop":1769091404839,"duration":12021}},{"uid":"3e81282d3f55a99e","reportUrl":"https://TyTy-cf.github.io/test-selenium-practice/8/#testresult/3e81282d3f55a99e","status":"passed","time":{"start":1769090720141,"stop":1769090731763,"duration":11622}}]},"tags":[]},"source":"52f1e5e073a693f8.json","parameterValues":[]}